SF:lib\services\spotify_authentication\dotenv_loader.dart
DA:8,1
DA:9,2
DA:10,4
DA:11,4
DA:12,4
LF:5
LH:5
end_of_record
SF:lib\services\spotify_authentication\header_builder.dart
DA:8,1
DA:10,1
DA:11,1
DA:12,6
DA:13,1
DA:15,1
LF:6
LH:6
end_of_record
SF:lib\services\spotify_authentication\spotify_authorization.dart
DA:12,1
DA:13,0
DA:15,1
DA:16,2
DA:17,2
DA:18,1
DA:20,1
DA:24,1
DA:27,1
DA:29,2
DA:30,2
DA:31,0
DA:33,0
DA:37,2
LF:14
LH:11
end_of_record
SF:lib\services\spotify_authentication\error_handler.dart
DA:6,0
DA:7,0
DA:8,0
DA:9,0
DA:10,0
DA:13,0
DA:14,0
DA:16,0
DA:18,0
DA:22,1
DA:23,1
DA:25,2
DA:27,0
LF:13
LH:3
end_of_record
